Der Buildvorgang wurde am 20.10.2010 11:34:57 gestartet.
     1>Projekt "C:\Users\Camillo\Documents\EchzeitgraphikLU\echtzeitlu\VSProject\glfw_ogl3_2.vcxproj" auf Knoten "2", build Ziel(e).
     1>InitializeBuildStatus:
         "Debug\echtzeitlu.unsuccessfulbuild" wird erstellt, da "AlwaysCreate" angegeben wurde.
       ClCompile:
         C:\Program Files (x86)\Microsoft Visual Studio 10.0\VC\bin\CL.exe /c /IC:\Users\Camillo\Documents\EchzeitgraphikLU\echtzeitlu\\external\glew\include /IC:\Users\Camillo\Documents\EchzeitgraphikLU\echtzeitlu\\external\glfw\include /IC:\Users\Camillo\Documents\EchzeitgraphikLU\echtzeitlu\\external\glm\include /IC:\Users\Camillo\Documents\EchzeitgraphikLU\echtzeitlu\\external\freealut\include /IC:\Users\Camillo\Documents\EchzeitgraphikLU\echtzeitlu\\external\openal\include /ZI /nologo /W3 /WX- /Od /Oy- /D _MBCS /Gm /EHsc /RTC1 /MDd /GS /fp:precise /Zc:wchar_t /Zc:forScope /Fo"Debug\\" /Fd"Debug\vc100.pdb" /Gd /TP /analyze- /errorReport:prompt ..\src\ogl3_test.cpp
         ogl3_test.cpp
     1>c:\users\camillo\documents\echzeitgraphiklu\echtzeitlu\src\ogl3_test.cpp(479): warning C4305: '+=': Verkürzung von 'double' in 'GLfloat'
     1>c:\users\camillo\documents\echzeitgraphiklu\echtzeitlu\src\ogl3_test.cpp(483): warning C4305: '-=': Verkürzung von 'double' in 'GLfloat'
       Link:
         C:\Program Files (x86)\Microsoft Visual Studio 10.0\VC\bin\link.exe /ERRORREPORT:PROMPT /OUT:"C:\Users\Camillo\Documents\EchzeitgraphikLU\echtzeitlu\bin\echtzeitlu_debug.exe" /NOLOGO /LIBPATH:C:\Users\Camillo\Documents\EchzeitgraphikLU\echtzeitlu\external\glew\lib /LIBPATH:"C:\Users\Camillo\Documents\EchzeitgraphikLU\echtzeitlu\external\glfw\lib-msvc100" /LIBPATH:C:\Users\Camillo\Documents\EchzeitgraphikLU\echtzeitlu\\external\freealut\lib /LIBPATH:C:\Users\Camillo\Documents\EchzeitgraphikLU\echtzeitlu\\external\openal\libs\Win32 opengl32.lib glew32.lib GLFW.lib kernel32.lib user32.lib gdi32.lib winspool.lib comdlg32.lib advapi32.lib shell32.lib ole32.lib oleaut32.lib uuid.lib odbc32.lib odbccp32.lib /NODEFAULTLIB:MSVCRT /MANIFEST /ManifestFile:"Debug\echtzeitlu_debug.exe.intermediate.manifest" /MANIFESTUAC:"level='asInvoker' uiAccess='false'" /DEBUG /PDB:"C:\Users\Camillo\Documents\EchzeitgraphikLU\echtzeitlu\bin\echtzeitlu_debug.pdb" /SUBSYSTEM:CONSOLE /TLBID:1 /DYNAMICBASE /NXCOMPAT /IMPLIB:"C:\Users\Camillo\Documents\EchzeitgraphikLU\echtzeitlu\bin\echtzeitlu_debug.lib" /MACHINE:X86 Debug\ogl3_test.obj
         Debug\shader.obj
         Debug\utility.obj /LTCG 
         Code wird generiert.
         Codegenerierung ist abgeschlossen.
         glfw_ogl3_2.vcxproj -> C:\Users\Camillo\Documents\EchzeitgraphikLU\echtzeitlu\bin\echtzeitlu_debug.exe
       Manifest:
         C:\Program Files (x86)\Microsoft SDKs\Windows\v7.0A\bin\mt.exe /nologo /verbose /outputresource:"C:\Users\Camillo\Documents\EchzeitgraphikLU\echtzeitlu\bin\echtzeitlu_debug.exe;#1" /manifest Debug\echtzeitlu_debug.exe.intermediate.manifest
       FinalizeBuildStatus:
         Die Datei "Debug\echtzeitlu.unsuccessfulbuild" wird gelöscht.
         Aktualisieren des Timestamps von "Debug\echtzeitlu.lastbuildstate".
     1>Die Erstellung des Projekts "C:\Users\Camillo\Documents\EchzeitgraphikLU\echtzeitlu\VSProject\glfw_ogl3_2.vcxproj" ist abgeschlossen, build Ziel(e).

Das Erstellen war erfolgreich.

Verstrichene Zeit 00:00:01.29
